<?xml version="1.0" encoding="UTF-8"?>
<!-- Generated by org.testng.reporters.JUnitReportReporter -->
<testsuite skipped="0" hostname="DESKTOP-3HOQQ7F" name="TestA" tests="3" failures="0" timestamp="30 Nov 2018 19:53:49 GMT" time="0.021" errors="0">
  <testcase name="testA" time="0.001" classname="TestA"/>
  <testcase name="testA" time="0.002" classname="TestA"/>
  <testcase name="testA" time="0.018" classname="TestA"/>
</testsuite> <!-- TestA -->
